[0m12:36:52.480967 [debug] [MainThread]: Sending event: {'category': 'dbt', 'action': 'invocation', 'label': 'start', 'context': [<snowplow_tracker.self_describing_json.SelfDescribingJson object at 0x000002B33FFBB490>, <snowplow_tracker.self_describing_json.SelfDescribingJson object at 0x000002B342955810>, <snowplow_tracker.self_describing_json.SelfDescribingJson object at 0x000002B342955630>]}


============================== 12:36:52.497657 | 08153dab-e444-42e2-8b85-91538e0ed64c ==============================
[0m12:36:52.497657 [info ] [MainThread]: Running with dbt=1.8.7
[0m12:36:52.499664 [debug] [MainThread]: running dbt with arguments {'printer_width': '80', 'indirect_selection': 'eager', 'log_cache_events': 'False', 'write_json': 'True', 'partial_parse': 'True', 'cache_selected_only': 'False', 'profiles_dir': 'C:\\Users\\Azar\\.dbt', 'version_check': 'True', 'fail_fast': 'False', 'log_path': 'logs', 'debug': 'False', 'warn_error': 'None', 'use_colors': 'True', 'use_experimental_parser': 'False', 'empty': 'None', 'quiet': 'False', 'no_print': 'None', 'log_format': 'default', 'invocation_command': 'dbt init .', 'introspect': 'True', 'static_parser': 'True', 'target_path': 'None', 'warn_error_options': 'WarnErrorOptions(include=[], exclude=[])', 'send_anonymous_usage_stats': 'True'}
[0m12:37:05.441216 [debug] [MainThread]: Starter project path: C:\Users\Azar\AppData\Local\Programs\Python\Python310\lib\site-packages\dbt\include\starter_project
[0m12:37:05.704551 [info ] [MainThread]: 
Your new dbt project "dbt_project_tcp" was created!

For more information on how to configure the profiles.yml file,
please consult the dbt documentation here:

  https://docs.getdbt.com/docs/configure-your-profile

One more thing:

Need help? Don't hesitate to reach out to us via GitHub issues or on Slack:

  https://community.getdbt.com/

Happy modeling!

[0m12:37:05.708569 [info ] [MainThread]: Setting up your profile.
[0m12:39:30.007339 [info ] [MainThread]: Profile dbt_project_tcp written to C:\Users\Azar\.dbt\profiles.yml using target's profile_template.yml and your supplied values. Run 'dbt debug' to validate the connection.
[0m12:39:30.012383 [debug] [MainThread]: Command `dbt init` succeeded at 12:39:30.012383 after 157.69 seconds
[0m12:39:30.014379 [debug] [MainThread]: Sending event: {'category': 'dbt', 'action': 'invocation', 'label': 'end', 'context': [<snowplow_tracker.self_describing_json.SelfDescribingJson object at 0x000002B33FFBB490>, <snowplow_tracker.self_describing_json.SelfDescribingJson object at 0x000002B3429555D0>, <snowplow_tracker.self_describing_json.SelfDescribingJson object at 0x000002B341DFA380>]}
[0m12:39:30.016388 [debug] [MainThread]: Flushing usage events
[0m12:39:40.879745 [debug] [MainThread]: Sending event: {'category': 'dbt', 'action': 'invocation', 'label': 'start', 'context': [<snowplow_tracker.self_describing_json.SelfDescribingJson object at 0x000001203324B4C0>, <snowplow_tracker.self_describing_json.SelfDescribingJson object at 0x0000012035C21870>, <snowplow_tracker.self_describing_json.SelfDescribingJson object at 0x0000012035C21690>]}


============================== 12:39:40.886336 | 390730da-144d-4124-a0e2-0bad12425218 ==============================
[0m12:39:40.886336 [info ] [MainThread]: Running with dbt=1.8.7
[0m12:39:40.887331 [debug] [MainThread]: running dbt with arguments {'printer_width': '80', 'indirect_selection': 'eager', 'write_json': 'True', 'log_cache_events': 'False', 'partial_parse': 'True', 'cache_selected_only': 'False', 'warn_error': 'None', 'fail_fast': 'False', 'version_check': 'True', 'log_path': 'logs', 'debug': 'False', 'profiles_dir': 'C:\\Users\\Azar\\.dbt', 'use_colors': 'True', 'use_experimental_parser': 'False', 'no_print': 'None', 'quiet': 'False', 'empty': 'None', 'warn_error_options': 'WarnErrorOptions(include=[], exclude=[])', 'static_parser': 'True', 'log_format': 'default', 'invocation_command': 'dbt debug', 'target_path': 'None', 'introspect': 'True', 'send_anonymous_usage_stats': 'True'}
[0m12:39:40.943484 [info ] [MainThread]: dbt version: 1.8.7
[0m12:39:40.944475 [info ] [MainThread]: python version: 3.10.6
[0m12:39:40.944475 [info ] [MainThread]: python path: C:\Users\Azar\AppData\Local\Programs\Python\Python310\python.exe
[0m12:39:40.945476 [info ] [MainThread]: os info: Windows-10-10.0.26100-SP0
[0m12:39:43.484308 [info ] [MainThread]: Using profiles dir at C:\Users\Azar\.dbt
[0m12:39:43.485430 [info ] [MainThread]: Using profiles.yml file at C:\Users\Azar\.dbt\profiles.yml
[0m12:39:43.486358 [info ] [MainThread]: Using dbt_project.yml file at C:\Users\Azar\dbt-proj\dbt_project.yml
[0m12:39:43.487350 [error] [MainThread]: Encountered an error:
Internal Error
  Profile should not be None if loading profile completed
[0m12:39:43.488415 [debug] [MainThread]: Command `dbt debug` failed at 12:39:43.488415 after 2.73 seconds
[0m12:39:43.488415 [debug] [MainThread]: Sending event: {'category': 'dbt', 'action': 'invocation', 'label': 'end', 'context': [<snowplow_tracker.self_describing_json.SelfDescribingJson object at 0x000001203324B4C0>, <snowplow_tracker.self_describing_json.SelfDescribingJson object at 0x0000012035A03B80>, <snowplow_tracker.self_describing_json.SelfDescribingJson object at 0x0000012035C4FE80>]}
[0m12:39:43.488415 [debug] [MainThread]: Flushing usage events
